<?xml version="1.0" encoding="UTF-8"?>
<testsuite xmlns:xsi="http://www.w3.org/2001/XMLSchema-instance" xsi:noNamespaceSchemaLocation="https://maven.apache.org/surefire/maven-surefire-plugin/xsd/surefire-test-report.xsd" name="com.example.helloworld.db.PersonDAOTest" time="3.629" tests="3" errors="0" skipped="0" failures="0">
  <properties>
    <property name="gopherProxySet" value="false"/>
    <property name="awt.toolkit" value="sun.lwawt.macosx.LWCToolkit"/>
    <property name="file.encoding.pkg" value="sun.io"/>
    <property name="java.specification.version" value="1.8"/>
    <property name="sun.cpu.isalist" value=""/>
    <property name="sun.jnu.encoding" value="UTF-8"/>
    <property name="java.class.path" value="/Users/vvorontsov/GH/dropwizard/dropwizard-example/target/test-classes:/Users/vvorontsov/GH/dropwizard/dropwizard-example/target/classes:/Users/vvorontsov/.m2/repository/io/dropwizard/dropwizard-core/1.4.0-SNAPSHOT/dropwizard-core-1.4.0-SNAPSHOT.jar:/Users/vvorontsov/.m2/repository/io/dropwizard/dropwizard-util/1.4.0-SNAPSHOT/dropwizard-util-1.4.0-SNAPSHOT.jar:/Users/vvorontsov/.m2/repository/com/fasterxml/jackson/core/jackson-annotations/2.9.0/jackson-annotations-2.9.0.jar:/Users/vvorontsov/.m2/repository/com/google/guava/guava/24.0-jre/guava-24.0-jre.jar:/Users/vvorontsov/.m2/repository/org/checkerframework/checker-compat-qual/2.0.0/checker-compat-qual-2.0.0.jar:/Users/vvorontsov/.m2/repository/com/google/errorprone/error_prone_annotations/2.1.3/error_prone_annotations-2.1.3.jar:/Users/vvorontsov/.m2/repository/com/google/j2objc/j2objc-annotations/1.1/j2objc-annotations-1.1.jar:/Users/vvorontsov/.m2/repository/org/codehaus/mojo/animal-sniffer-annotations/1.14/animal-sniffer-annotations-1.14.jar:/Users/vvorontsov/.m2/repository/com/google/code/findbugs/jsr305/3.0.2/jsr305-3.0.2.jar:/Users/vvorontsov/.m2/repository/joda-time/joda-time/2.9.9/joda-time-2.9.9.jar:/Users/vvorontsov/.m2/repository/io/dropwizard/dropwizard-jackson/1.4.0-SNAPSHOT/dropwizard-jackson-1.4.0-SNAPSHOT.jar:/Users/vvorontsov/.m2/repository/com/fasterxml/jackson/core/jackson-core/2.9.5/jackson-core-2.9.5.jar:/Users/vvorontsov/.m2/repository/com/fasterxml/jackson/core/jackson-databind/2.9.5/jackson-databind-2.9.5.jar:/Users/vvorontsov/.m2/repository/com/fasterxml/jackson/datatype/jackson-datatype-guava/2.9.5/jackson-datatype-guava-2.9.5.jar:/Users/vvorontsov/.m2/repository/com/fasterxml/jackson/datatype/jackson-datatype-jsr310/2.9.5/jackson-datatype-jsr310-2.9.5.jar:/Users/vvorontsov/.m2/repository/com/fasterxml/jackson/datatype/jackson-datatype-jdk8/2.9.5/jackson-datatype-jdk8-2.9.5.jar:/Users/vvorontsov/.m2/repository/com/fasterxml/jackson/module/jackson-module-parameter-names/2.9.5/jackson-module-parameter-names-2.9.5.jar:/Users/vvorontsov/.m2/repository/com/fasterxml/jackson/module/jackson-module-afterburner/2.9.5/jackson-module-afterburner-2.9.5.jar:/Users/vvorontsov/.m2/repository/com/fasterxml/jackson/datatype/jackson-datatype-joda/2.9.5/jackson-datatype-joda-2.9.5.jar:/Users/vvorontsov/.m2/repository/org/slf4j/slf4j-api/1.7.25/slf4j-api-1.7.25.jar:/Users/vvorontsov/.m2/repository/io/dropwizard/dropwizard-validation/1.4.0-SNAPSHOT/dropwizard-validation-1.4.0-SNAPSHOT.jar:/Users/vvorontsov/.m2/repository/org/hibernate/hibernate-validator/5.4.2.Final/hibernate-validator-5.4.2.Final.jar:/Users/vvorontsov/.m2/repository/org/jboss/logging/jboss-logging/3.3.0.Final/jboss-logging-3.3.0.Final.jar:/Users/vvorontsov/.m2/repository/org/glassfish/javax.el/3.0.0/javax.el-3.0.0.jar:/Users/vvorontsov/.m2/repository/org/javassist/javassist/3.22.0-GA/javassist-3.22.0-GA.jar:/Users/vvorontsov/.m2/repository/io/dropwizard/dropwizard-configuration/1.4.0-SNAPSHOT/dropwizard-configuration-1.4.0-SNAPSHOT.jar:/Users/vvorontsov/.m2/repository/com/fasterxml/jackson/dataformat/jackson-dataformat-yaml/2.9.5/jackson-dataformat-yaml-2.9.5.jar:/Users/vvorontsov/.m2/repository/org/yaml/snakeyaml/1.18/snakeyaml-1.18.jar:/Users/vvorontsov/.m2/repository/org/apache/commons/commons-lang3/3.7/commons-lang3-3.7.jar:/Users/vvorontsov/.m2/repository/org/apache/commons/commons-text/1.2/commons-text-1.2.jar:/Users/vvorontsov/.m2/repository/io/dropwizard/dropwizard-logging/1.4.0-SNAPSHOT/dropwizard-logging-1.4.0-SNAPSHOT.jar:/Users/vvorontsov/.m2/repository/io/dropwizard/metrics/metrics-logback/4.0.2/metrics-logback-4.0.2.jar:/Users/vvorontsov/.m2/repository/org/slf4j/jul-to-slf4j/1.7.25/jul-to-slf4j-1.7.25.jar:/Users/vvorontsov/.m2/repository/ch/qos/logback/logback-core/1.2.3/logback-core-1.2.3.jar:/Users/vvorontsov/.m2/repository/ch/qos/logback/logback-classic/1.2.3/logback-classic-1.2.3.jar:/Users/vvorontsov/.m2/repository/org/slf4j/log4j-over-slf4j/1.7.25/log4j-over-slf4j-1.7.25.jar:/Users/vvorontsov/.m2/repository/org/slf4j/jcl-over-slf4j/1.7.25/jcl-over-slf4j-1.7.25.jar:/Users/vvorontsov/.m2/repository/org/eclipse/jetty/jetty-util/9.4.8.v20171121/jetty-util-9.4.8.v20171121.jar:/Users/vvorontsov/.m2/repository/io/dropwizard/dropwizard-metrics/1.4.0-SNAPSHOT/dropwizard-metrics-1.4.0-SNAPSHOT.jar:/Users/vvorontsov/.m2/repository/io/dropwizard/dropwizard-jersey/1.4.0-SNAPSHOT/dropwizard-jersey-1.4.0-SNAPSHOT.jar:/Users/vvorontsov/.m2/repository/org/glassfish/jersey/ext/jersey-metainf-services/2.25.1/jersey-metainf-services-2.25.1.jar:/Users/vvorontsov/.m2/repository/org/glassfish/jersey/ext/jersey-bean-validation/2.25.1/jersey-bean-validation-2.25.1.jar:/Users/vvorontsov/.m2/repository/io/dropwizard/metrics/metrics-jersey2/4.0.2/metrics-jersey2-4.0.2.jar:/Users/vvorontsov/.m2/repository/com/fasterxml/jackson/jaxrs/jackson-jaxrs-json-provider/2.9.5/jackson-jaxrs-json-provider-2.9.5.jar:/Users/vvorontsov/.m2/repository/com/fasterxml/jackson/jaxrs/jackson-jaxrs-base/2.9.5/jackson-jaxrs-base-2.9.5.jar:/Users/vvorontsov/.m2/repository/com/fasterxml/jackson/module/jackson-module-jaxb-annotations/2.9.5/jackson-module-jaxb-annotations-2.9.5.jar:/Users/vvorontsov/.m2/repository/org/glassfish/jersey/containers/jersey-container-servlet/2.25.1/jersey-container-servlet-2.25.1.jar:/Users/vvorontsov/.m2/repository/org/eclipse/jetty/jetty-server/9.4.8.v20171121/jetty-server-9.4.8.v20171121.jar:/Users/vvorontsov/.m2/repository/javax/servlet/javax.servlet-api/3.1.0/javax.servlet-api-3.1.0.jar:/Users/vvorontsov/.m2/repository/org/eclipse/jetty/jetty-webapp/9.4.8.v20171121/jetty-webapp-9.4.8.v20171121.jar:/Users/vvorontsov/.m2/repository/org/eclipse/jetty/jetty-xml/9.4.8.v20171121/jetty-xml-9.4.8.v20171121.jar:/Users/vvorontsov/.m2/repository/org/eclipse/jetty/jetty-continuation/9.4.8.v20171121/jetty-continuation-9.4.8.v20171121.jar:/Users/vvorontsov/.m2/repository/io/dropwizard/dropwizard-servlets/1.4.0-SNAPSHOT/dropwizard-servlets-1.4.0-SNAPSHOT.jar:/Users/vvorontsov/.m2/repository/io/dropwizard/metrics/metrics-annotation/4.0.2/metrics-annotation-4.0.2.jar:/Users/vvorontsov/.m2/repository/io/dropwizard/dropwizard-jetty/1.4.0-SNAPSHOT/dropwizard-jetty-1.4.0-SNAPSHOT.jar:/Users/vvorontsov/.m2/repository/io/dropwizard/metrics/metrics-jetty9/4.0.2/metrics-jetty9-4.0.2.jar:/Users/vvorontsov/.m2/repository/org/eclipse/jetty/jetty-servlet/9.4.8.v20171121/jetty-servlet-9.4.8.v20171121.jar:/Users/vvorontsov/.m2/repository/org/eclipse/jetty/jetty-security/9.4.8.v20171121/jetty-security-9.4.8.v20171121.jar:/Users/vvorontsov/.m2/repository/org/eclipse/jetty/jetty-servlets/9.4.8.v20171121/jetty-servlets-9.4.8.v20171121.jar:/Users/vvorontsov/.m2/repository/org/eclipse/jetty/jetty-http/9.4.8.v20171121/jetty-http-9.4.8.v20171121.jar:/Users/vvorontsov/.m2/repository/io/dropwizard/dropwizard-lifecycle/1.4.0-SNAPSHOT/dropwizard-lifecycle-1.4.0-SNAPSHOT.jar:/Users/vvorontsov/.m2/repository/io/dropwizard/metrics/metrics-core/4.0.2/metrics-core-4.0.2.jar:/Users/vvorontsov/.m2/repository/io/dropwizard/metrics/metrics-jvm/4.0.2/metrics-jvm-4.0.2.jar:/Users/vvorontsov/.m2/repository/io/dropwizard/metrics/metrics-jmx/4.0.2/metrics-jmx-4.0.2.jar:/Users/vvorontsov/.m2/repository/io/dropwizard/metrics/metrics-servlets/4.0.2/metrics-servlets-4.0.2.jar:/Users/vvorontsov/.m2/repository/io/dropwizard/metrics/metrics-json/4.0.2/metrics-json-4.0.2.jar:/Users/vvorontsov/.m2/repository/com/papertrail/profiler/1.0.2/profiler-1.0.2.jar:/Users/vvorontsov/.m2/repository/io/dropwizard/metrics/metrics-healthchecks/4.0.2/metrics-healthchecks-4.0.2.jar:/Users/vvorontsov/.m2/repository/io/dropwizard/dropwizard-request-logging/1.4.0-SNAPSHOT/dropwizard-request-logging-1.4.0-SNAPSHOT.jar:/Users/vvorontsov/.m2/repository/ch/qos/logback/logback-access/1.2.3/logback-access-1.2.3.jar:/Users/vvorontsov/.m2/repository/net/sourceforge/argparse4j/argparse4j/0.8.1/argparse4j-0.8.1.jar:/Users/vvorontsov/.m2/repository/org/eclipse/jetty/toolchain/setuid/jetty-setuid-java/1.0.3/jetty-setuid-java-1.0.3.jar:/Users/vvorontsov/.m2/repository/io/dropwizard/dropwizard-auth/1.4.0-SNAPSHOT/dropwizard-auth-1.4.0-SNAPSHOT.jar:/Users/vvorontsov/.m2/repository/io/dropwizard/dropwizard-assets/1.4.0-SNAPSHOT/dropwizard-assets-1.4.0-SNAPSHOT.jar:/Users/vvorontsov/.m2/repository/io/dropwizard/dropwizard-http2/1.4.0-SNAPSHOT/dropwizard-http2-1.4.0-SNAPSHOT.jar:/Users/vvorontsov/.m2/repository/org/eclipse/jetty/http2/http2-server/9.4.8.v20171121/http2-server-9.4.8.v20171121.jar:/Users/vvorontsov/.m2/repository/org/eclipse/jetty/http2/http2-common/9.4.8.v20171121/http2-common-9.4.8.v20171121.jar:/Users/vvorontsov/.m2/repository/org/eclipse/jetty/http2/http2-hpack/9.4.8.v20171121/http2-hpack-9.4.8.v20171121.jar:/Users/vvorontsov/.m2/repository/org/eclipse/jetty/jetty-alpn-openjdk8-server/9.4.8.v20171121/jetty-alpn-openjdk8-server-9.4.8.v20171121.jar:/Users/vvorontsov/.m2/repository/org/eclipse/jetty/jetty-alpn-server/9.4.8.v20171121/jetty-alpn-server-9.4.8.v20171121.jar:/Users/vvorontsov/.m2/repository/org/eclipse/jetty/jetty-io/9.4.8.v20171121/jetty-io-9.4.8.v20171121.jar:/Users/vvorontsov/.m2/repository/io/dropwizard/dropwizard-hibernate/1.4.0-SNAPSHOT/dropwizard-hibernate-1.4.0-SNAPSHOT.jar:/Users/vvorontsov/.m2/repository/io/dropwizard/dropwizard-db/1.4.0-SNAPSHOT/dropwizard-db-1.4.0-SNAPSHOT.jar:/Users/vvorontsov/.m2/repository/org/apache/tomcat/tomcat-jdbc/9.0.5/tomcat-jdbc-9.0.5.jar:/Users/vvorontsov/.m2/repository/org/apache/tomcat/tomcat-juli/9.0.5/tomcat-juli-9.0.5.jar:/Users/vvorontsov/.m2/repository/com/fasterxml/jackson/datatype/jackson-datatype-hibernate5/2.9.5/jackson-datatype-hibernate5-2.9.5.jar:/Users/vvorontsov/.m2/repository/org/jadira/usertype/usertype.core/7.0.0.CR1/usertype.core-7.0.0.CR1.jar:/Users/vvorontsov/.m2/repository/org/jadira/usertype/usertype.spi/7.0.0.CR1/usertype.spi-7.0.0.CR1.jar:/Users/vvorontsov/.m2/repository/org/hibernate/hibernate-core/5.2.15.Final/hibernate-core-5.2.15.Final.jar:/Users/vvorontsov/.m2/repository/org/hibernate/javax/persistence/hibernate-jpa-2.1-api/1.0.0.Final/hibernate-jpa-2.1-api-1.0.0.Final.jar:/Users/vvorontsov/.m2/repository/antlr/antlr/2.7.7/antlr-2.7.7.jar:/Users/vvorontsov/.m2/repository/org/jboss/spec/javax/transaction/jboss-transaction-api_1.2_spec/1.0.1.Final/jboss-transaction-api_1.2_spec-1.0.1.Final.jar:/Users/vvorontsov/.m2/repository/org/jboss/jandex/2.0.3.Final/jandex-2.0.3.Final.jar:/Users/vvorontsov/.m2/repository/com/fasterxml/classmate/1.3.4/classmate-1.3.4.jar:/Users/vvorontsov/.m2/repository/dom4j/dom4j/1.6.1/dom4j-1.6.1.jar:/Users/vvorontsov/.m2/repository/org/hibernate/common/hibernate-commons-annotations/5.0.1.Final/hibernate-commons-annotations-5.0.1.Final.jar:/Users/vvorontsov/.m2/repository/io/dropwizard/dropwizard-migrations/1.4.0-SNAPSHOT/dropwizard-migrations-1.4.0-SNAPSHOT.jar:/Users/vvorontsov/.m2/repository/org/liquibase/liquibase-core/3.6.0/liquibase-core-3.6.0.jar:/Users/vvorontsov/.m2/repository/com/mattbertolini/liquibase-slf4j/2.0.0/liquibase-slf4j-2.0.0.jar:/Users/vvorontsov/.m2/repository/io/dropwizard/dropwizard-views-freemarker/1.4.0-SNAPSHOT/dropwizard-views-freemarker-1.4.0-SNAPSHOT.jar:/Users/vvorontsov/.m2/repository/io/dropwizard/dropwizard-views/1.4.0-SNAPSHOT/dropwizard-views-1.4.0-SNAPSHOT.jar:/Users/vvorontsov/.m2/repository/org/freemarker/freemarker/2.3.27-incubating/freemarker-2.3.27-incubating.jar:/Users/vvorontsov/.m2/repository/io/dropwizard/dropwizard-views-mustache/1.4.0-SNAPSHOT/dropwizard-views-mustache-1.4.0-SNAPSHOT.jar:/Users/vvorontsov/.m2/repository/com/github/spullara/mustache/java/compiler/0.9.5/compiler-0.9.5.jar:/Users/vvorontsov/.m2/repository/io/dropwizard/dropwizard-metrics-graphite/1.4.0-SNAPSHOT/dropwizard-metrics-graphite-1.4.0-SNAPSHOT.jar:/Users/vvorontsov/.m2/repository/io/dropwizard/metrics/metrics-graphite/4.0.2/metrics-graphite-4.0.2.jar:/Users/vvorontsov/.m2/repository/com/rabbitmq/amqp-client/4.4.1/amqp-client-4.4.1.jar:/Users/vvorontsov/.m2/repository/com/h2database/h2/1.4.197/h2-1.4.197.jar:/Users/vvorontsov/.m2/repository/io/dropwizard/dropwizard-testing/1.4.0-SNAPSHOT/dropwizard-testing-1.4.0-SNAPSHOT.jar:/Users/vvorontsov/.m2/repository/junit/junit/4.12/junit-4.12.jar:/Users/vvorontsov/.m2/repository/org/hamcrest/hamcrest-core/1.3/hamcrest-core-1.3.jar:/Users/vvorontsov/.m2/repository/org/objenesis/objenesis/2.6/objenesis-2.6.jar:/Users/vvorontsov/.m2/repository/org/assertj/assertj-core/3.9.1/assertj-core-3.9.1.jar:/Users/vvorontsov/.m2/repository/org/mockito/mockito-core/2.15.0/mockito-core-2.15.0.jar:/Users/vvorontsov/.m2/repository/net/bytebuddy/byte-buddy/1.7.9/byte-buddy-1.7.9.jar:/Users/vvorontsov/.m2/repository/net/bytebuddy/byte-buddy-agent/1.7.9/byte-buddy-agent-1.7.9.jar:/Users/vvorontsov/.m2/repository/org/glassfish/jersey/test-framework/providers/jersey-test-framework-provider-inmemory/2.25.1/jersey-test-framework-provider-inmemory-2.25.1.jar:/Users/vvorontsov/.m2/repository/org/glassfish/jersey/test-framework/jersey-test-framework-core/2.25.1/jersey-test-framework-core-2.25.1.jar:/Users/vvorontsov/.m2/repository/org/glassfish/jersey/containers/jersey-container-servlet-core/2.25.1/jersey-container-servlet-core-2.25.1.jar:/Users/vvorontsov/.m2/repository/org/glassfish/jersey/core/jersey-server/2.25.1/jersey-server-2.25.1.jar:/Users/vvorontsov/.m2/repository/org/glassfish/jersey/core/jersey-common/2.25.1/jersey-common-2.25.1.jar:/Users/vvorontsov/.m2/repository/org/glassfish/jersey/bundles/repackaged/jersey-guava/2.25.1/jersey-guava-2.25.1.jar:/Users/vvorontsov/.m2/repository/org/glassfish/hk2/osgi-resource-locator/1.0.1/osgi-resource-locator-1.0.1.jar:/Users/vvorontsov/.m2/repository/javax/ws/rs/javax.ws.rs-api/2.0.1/javax.ws.rs-api-2.0.1.jar:/Users/vvorontsov/.m2/repository/org/glassfish/jersey/media/jersey-media-jaxb/2.25.1/jersey-media-jaxb-2.25.1.jar:/Users/vvorontsov/.m2/repository/javax/annotation/javax.annotation-api/1.2/javax.annotation-api-1.2.jar:/Users/vvorontsov/.m2/repository/org/glassfish/hk2/hk2-api/2.5.0-b32/hk2-api-2.5.0-b32.jar:/Users/vvorontsov/.m2/repository/org/glassfish/hk2/hk2-utils/2.5.0-b32/hk2-utils-2.5.0-b32.jar:/Users/vvorontsov/.m2/repository/org/glassfish/hk2/external/aopalliance-repackaged/2.5.0-b32/aopalliance-repackaged-2.5.0-b32.jar:/Users/vvorontsov/.m2/repository/org/glassfish/hk2/external/javax.inject/2.5.0-b32/javax.inject-2.5.0-b32.jar:/Users/vvorontsov/.m2/repository/org/glassfish/hk2/hk2-locator/2.5.0-b32/hk2-locator-2.5.0-b32.jar:/Users/vvorontsov/.m2/repository/javax/validation/validation-api/1.1.0.Final/validation-api-1.1.0.Final.jar:/Users/vvorontsov/.m2/repository/org/glassfish/jersey/core/jersey-client/2.25.1/jersey-client-2.25.1.jar:/Users/vvorontsov/.m2/repository/org/glassfish/jersey/test-framework/providers/jersey-test-framework-provider-grizzly2/2.25.1/jersey-test-framework-provider-grizzly2-2.25.1.jar:/Users/vvorontsov/.m2/repository/org/glassfish/jersey/containers/jersey-container-grizzly2-http/2.25.1/jersey-container-grizzly2-http-2.25.1.jar:/Users/vvorontsov/.m2/repository/org/glassfish/grizzly/grizzly-http-server/2.3.28/grizzly-http-server-2.3.28.jar:/Users/vvorontsov/.m2/repository/org/glassfish/grizzly/grizzly-http/2.3.28/grizzly-http-2.3.28.jar:/Users/vvorontsov/.m2/repository/org/glassfish/grizzly/grizzly-framework/2.3.28/grizzly-framework-2.3.28.jar:/Users/vvorontsov/.m2/repository/org/glassfish/jersey/containers/jersey-container-grizzly2-servlet/2.25.1/jersey-container-grizzly2-servlet-2.25.1.jar:/Users/vvorontsov/.m2/repository/org/glassfish/grizzly/grizzly-http-servlet/2.3.28/grizzly-http-servlet-2.3.28.jar:"/>
    <property name="java.vm.vendor" value="Oracle Corporation"/>
    <property name="sun.arch.data.model" value="64"/>
    <property name="java.vendor.url" value="http://java.oracle.com/"/>
    <property name="user.timezone" value=""/>
    <property name="java.vm.specification.version" value="1.8"/>
    <property name="os.name" value="Mac OS X"/>
    <property name="user.country" value="US"/>
    <property name="sun.java.launcher" value="SUN_STANDARD"/>
    <property name="sun.boot.library.path" value="/Library/Java/JavaVirtualMachines/jdk1.8.0_131.jdk/Contents/Home/jre/lib"/>
    <property name="sun.java.command" value="/Users/vvorontsov/GH/dropwizard/dropwizard-example/target/surefire/surefirebooter1266952368126231151.jar /Users/vvorontsov/GH/dropwizard/dropwizard-example/target/surefire 2018-04-20T11-15-15_911-jvmRun1 surefire8687817144256377394tmp surefire_05843762398338962408tmp"/>
    <property name="http.nonProxyHosts" value="local|*.local|169.254/16|*.169.254/16"/>
    <property name="surefire.test.class.path" value="/Users/vvorontsov/GH/dropwizard/dropwizard-example/target/test-classes:/Users/vvorontsov/GH/dropwizard/dropwizard-example/target/classes:/Users/vvorontsov/.m2/repository/io/dropwizard/dropwizard-core/1.4.0-SNAPSHOT/dropwizard-core-1.4.0-SNAPSHOT.jar:/Users/vvorontsov/.m2/repository/io/dropwizard/dropwizard-util/1.4.0-SNAPSHOT/dropwizard-util-1.4.0-SNAPSHOT.jar:/Users/vvorontsov/.m2/repository/com/fasterxml/jackson/core/jackson-annotations/2.9.0/jackson-annotations-2.9.0.jar:/Users/vvorontsov/.m2/repository/com/google/guava/guava/24.0-jre/guava-24.0-jre.jar:/Users/vvorontsov/.m2/repository/org/checkerframework/checker-compat-qual/2.0.0/checker-compat-qual-2.0.0.jar:/Users/vvorontsov/.m2/repository/com/google/errorprone/error_prone_annotations/2.1.3/error_prone_annotations-2.1.3.jar:/Users/vvorontsov/.m2/repository/com/google/j2objc/j2objc-annotations/1.1/j2objc-annotations-1.1.jar:/Users/vvorontsov/.m2/repository/org/codehaus/mojo/animal-sniffer-annotations/1.14/animal-sniffer-annotations-1.14.jar:/Users/vvorontsov/.m2/repository/com/google/code/findbugs/jsr305/3.0.2/jsr305-3.0.2.jar:/Users/vvorontsov/.m2/repository/joda-time/joda-time/2.9.9/joda-time-2.9.9.jar:/Users/vvorontsov/.m2/repository/io/dropwizard/dropwizard-jackson/1.4.0-SNAPSHOT/dropwizard-jackson-1.4.0-SNAPSHOT.jar:/Users/vvorontsov/.m2/repository/com/fasterxml/jackson/core/jackson-core/2.9.5/jackson-core-2.9.5.jar:/Users/vvorontsov/.m2/repository/com/fasterxml/jackson/core/jackson-databind/2.9.5/jackson-databind-2.9.5.jar:/Users/vvorontsov/.m2/repository/com/fasterxml/jackson/datatype/jackson-datatype-guava/2.9.5/jackson-datatype-guava-2.9.5.jar:/Users/vvorontsov/.m2/repository/com/fasterxml/jackson/datatype/jackson-datatype-jsr310/2.9.5/jackson-datatype-jsr310-2.9.5.jar:/Users/vvorontsov/.m2/repository/com/fasterxml/jackson/datatype/jackson-datatype-jdk8/2.9.5/jackson-datatype-jdk8-2.9.5.jar:/Users/vvorontsov/.m2/repository/com/fasterxml/jackson/module/jackson-module-parameter-names/2.9.5/jackson-module-parameter-names-2.9.5.jar:/Users/vvorontsov/.m2/repository/com/fasterxml/jackson/module/jackson-module-afterburner/2.9.5/jackson-module-afterburner-2.9.5.jar:/Users/vvorontsov/.m2/repository/com/fasterxml/jackson/datatype/jackson-datatype-joda/2.9.5/jackson-datatype-joda-2.9.5.jar:/Users/vvorontsov/.m2/repository/org/slf4j/slf4j-api/1.7.25/slf4j-api-1.7.25.jar:/Users/vvorontsov/.m2/repository/io/dropwizard/dropwizard-validation/1.4.0-SNAPSHOT/dropwizard-validation-1.4.0-SNAPSHOT.jar:/Users/vvorontsov/.m2/repository/org/hibernate/hibernate-validator/5.4.2.Final/hibernate-validator-5.4.2.Final.jar:/Users/vvorontsov/.m2/repository/org/jboss/logging/jboss-logging/3.3.0.Final/jboss-logging-3.3.0.Final.jar:/Users/vvorontsov/.m2/repository/org/glassfish/javax.el/3.0.0/javax.el-3.0.0.jar:/Users/vvorontsov/.m2/repository/org/javassist/javassist/3.22.0-GA/javassist-3.22.0-GA.jar:/Users/vvorontsov/.m2/repository/io/dropwizard/dropwizard-configuration/1.4.0-SNAPSHOT/dropwizard-configuration-1.4.0-SNAPSHOT.jar:/Users/vvorontsov/.m2/repository/com/fasterxml/jackson/dataformat/jackson-dataformat-yaml/2.9.5/jackson-dataformat-yaml-2.9.5.jar:/Users/vvorontsov/.m2/repository/org/yaml/snakeyaml/1.18/snakeyaml-1.18.jar:/Users/vvorontsov/.m2/repository/org/apache/commons/commons-lang3/3.7/commons-lang3-3.7.jar:/Users/vvorontsov/.m2/repository/org/apache/commons/commons-text/1.2/commons-text-1.2.jar:/Users/vvorontsov/.m2/repository/io/dropwizard/dropwizard-logging/1.4.0-SNAPSHOT/dropwizard-logging-1.4.0-SNAPSHOT.jar:/Users/vvorontsov/.m2/repository/io/dropwizard/metrics/metrics-logback/4.0.2/metrics-logback-4.0.2.jar:/Users/vvorontsov/.m2/repository/org/slf4j/jul-to-slf4j/1.7.25/jul-to-slf4j-1.7.25.jar:/Users/vvorontsov/.m2/repository/ch/qos/logback/logback-core/1.2.3/logback-core-1.2.3.jar:/Users/vvorontsov/.m2/repository/ch/qos/logback/logback-classic/1.2.3/logback-classic-1.2.3.jar:/Users/vvorontsov/.m2/repository/org/slf4j/log4j-over-slf4j/1.7.25/log4j-over-slf4j-1.7.25.jar:/Users/vvorontsov/.m2/repository/org/slf4j/jcl-over-slf4j/1.7.25/jcl-over-slf4j-1.7.25.jar:/Users/vvorontsov/.m2/repository/org/eclipse/jetty/jetty-util/9.4.8.v20171121/jetty-util-9.4.8.v20171121.jar:/Users/vvorontsov/.m2/repository/io/dropwizard/dropwizard-metrics/1.4.0-SNAPSHOT/dropwizard-metrics-1.4.0-SNAPSHOT.jar:/Users/vvorontsov/.m2/repository/io/dropwizard/dropwizard-jersey/1.4.0-SNAPSHOT/dropwizard-jersey-1.4.0-SNAPSHOT.jar:/Users/vvorontsov/.m2/repository/org/glassfish/jersey/ext/jersey-metainf-services/2.25.1/jersey-metainf-services-2.25.1.jar:/Users/vvorontsov/.m2/repository/org/glassfish/jersey/ext/jersey-bean-validation/2.25.1/jersey-bean-validation-2.25.1.jar:/Users/vvorontsov/.m2/repository/io/dropwizard/metrics/metrics-jersey2/4.0.2/metrics-jersey2-4.0.2.jar:/Users/vvorontsov/.m2/repository/com/fasterxml/jackson/jaxrs/jackson-jaxrs-json-provider/2.9.5/jackson-jaxrs-json-provider-2.9.5.jar:/Users/vvorontsov/.m2/repository/com/fasterxml/jackson/jaxrs/jackson-jaxrs-base/2.9.5/jackson-jaxrs-base-2.9.5.jar:/Users/vvorontsov/.m2/repository/com/fasterxml/jackson/module/jackson-module-jaxb-annotations/2.9.5/jackson-module-jaxb-annotations-2.9.5.jar:/Users/vvorontsov/.m2/repository/org/glassfish/jersey/containers/jersey-container-servlet/2.25.1/jersey-container-servlet-2.25.1.jar:/Users/vvorontsov/.m2/repository/org/eclipse/jetty/jetty-server/9.4.8.v20171121/jetty-server-9.4.8.v20171121.jar:/Users/vvorontsov/.m2/repository/javax/servlet/javax.servlet-api/3.1.0/javax.servlet-api-3.1.0.jar:/Users/vvorontsov/.m2/repository/org/eclipse/jetty/jetty-webapp/9.4.8.v20171121/jetty-webapp-9.4.8.v20171121.jar:/Users/vvorontsov/.m2/repository/org/eclipse/jetty/jetty-xml/9.4.8.v20171121/jetty-xml-9.4.8.v20171121.jar:/Users/vvorontsov/.m2/repository/org/eclipse/jetty/jetty-continuation/9.4.8.v20171121/jetty-continuation-9.4.8.v20171121.jar:/Users/vvorontsov/.m2/repository/io/dropwizard/dropwizard-servlets/1.4.0-SNAPSHOT/dropwizard-servlets-1.4.0-SNAPSHOT.jar:/Users/vvorontsov/.m2/repository/io/dropwizard/metrics/metrics-annotation/4.0.2/metrics-annotation-4.0.2.jar:/Users/vvorontsov/.m2/repository/io/dropwizard/dropwizard-jetty/1.4.0-SNAPSHOT/dropwizard-jetty-1.4.0-SNAPSHOT.jar:/Users/vvorontsov/.m2/repository/io/dropwizard/metrics/metrics-jetty9/4.0.2/metrics-jetty9-4.0.2.jar:/Users/vvorontsov/.m2/repository/org/eclipse/jetty/jetty-servlet/9.4.8.v20171121/jetty-servlet-9.4.8.v20171121.jar:/Users/vvorontsov/.m2/repository/org/eclipse/jetty/jetty-security/9.4.8.v20171121/jetty-security-9.4.8.v20171121.jar:/Users/vvorontsov/.m2/repository/org/eclipse/jetty/jetty-servlets/9.4.8.v20171121/jetty-servlets-9.4.8.v20171121.jar:/Users/vvorontsov/.m2/repository/org/eclipse/jetty/jetty-http/9.4.8.v20171121/jetty-http-9.4.8.v20171121.jar:/Users/vvorontsov/.m2/repository/io/dropwizard/dropwizard-lifecycle/1.4.0-SNAPSHOT/dropwizard-lifecycle-1.4.0-SNAPSHOT.jar:/Users/vvorontsov/.m2/repository/io/dropwizard/metrics/metrics-core/4.0.2/metrics-core-4.0.2.jar:/Users/vvorontsov/.m2/repository/io/dropwizard/metrics/metrics-jvm/4.0.2/metrics-jvm-4.0.2.jar:/Users/vvorontsov/.m2/repository/io/dropwizard/metrics/metrics-jmx/4.0.2/metrics-jmx-4.0.2.jar:/Users/vvorontsov/.m2/repository/io/dropwizard/metrics/metrics-servlets/4.0.2/metrics-servlets-4.0.2.jar:/Users/vvorontsov/.m2/repository/io/dropwizard/metrics/metrics-json/4.0.2/metrics-json-4.0.2.jar:/Users/vvorontsov/.m2/repository/com/papertrail/profiler/1.0.2/profiler-1.0.2.jar:/Users/vvorontsov/.m2/repository/io/dropwizard/metrics/metrics-healthchecks/4.0.2/metrics-healthchecks-4.0.2.jar:/Users/vvorontsov/.m2/repository/io/dropwizard/dropwizard-request-logging/1.4.0-SNAPSHOT/dropwizard-request-logging-1.4.0-SNAPSHOT.jar:/Users/vvorontsov/.m2/repository/ch/qos/logback/logback-access/1.2.3/logback-access-1.2.3.jar:/Users/vvorontsov/.m2/repository/net/sourceforge/argparse4j/argparse4j/0.8.1/argparse4j-0.8.1.jar:/Users/vvorontsov/.m2/repository/org/eclipse/jetty/toolchain/setuid/jetty-setuid-java/1.0.3/jetty-setuid-java-1.0.3.jar:/Users/vvorontsov/.m2/repository/io/dropwizard/dropwizard-auth/1.4.0-SNAPSHOT/dropwizard-auth-1.4.0-SNAPSHOT.jar:/Users/vvorontsov/.m2/repository/io/dropwizard/dropwizard-assets/1.4.0-SNAPSHOT/dropwizard-assets-1.4.0-SNAPSHOT.jar:/Users/vvorontsov/.m2/repository/io/dropwizard/dropwizard-http2/1.4.0-SNAPSHOT/dropwizard-http2-1.4.0-SNAPSHOT.jar:/Users/vvorontsov/.m2/repository/org/eclipse/jetty/http2/http2-server/9.4.8.v20171121/http2-server-9.4.8.v20171121.jar:/Users/vvorontsov/.m2/repository/org/eclipse/jetty/http2/http2-common/9.4.8.v20171121/http2-common-9.4.8.v20171121.jar:/Users/vvorontsov/.m2/repository/org/eclipse/jetty/http2/http2-hpack/9.4.8.v20171121/http2-hpack-9.4.8.v20171121.jar:/Users/vvorontsov/.m2/repository/org/eclipse/jetty/jetty-alpn-openjdk8-server/9.4.8.v20171121/jetty-alpn-openjdk8-server-9.4.8.v20171121.jar:/Users/vvorontsov/.m2/repository/org/eclipse/jetty/jetty-alpn-server/9.4.8.v20171121/jetty-alpn-server-9.4.8.v20171121.jar:/Users/vvorontsov/.m2/repository/org/eclipse/jetty/jetty-io/9.4.8.v20171121/jetty-io-9.4.8.v20171121.jar:/Users/vvorontsov/.m2/repository/io/dropwizard/dropwizard-hibernate/1.4.0-SNAPSHOT/dropwizard-hibernate-1.4.0-SNAPSHOT.jar:/Users/vvorontsov/.m2/repository/io/dropwizard/dropwizard-db/1.4.0-SNAPSHOT/dropwizard-db-1.4.0-SNAPSHOT.jar:/Users/vvorontsov/.m2/repository/org/apache/tomcat/tomcat-jdbc/9.0.5/tomcat-jdbc-9.0.5.jar:/Users/vvorontsov/.m2/repository/org/apache/tomcat/tomcat-juli/9.0.5/tomcat-juli-9.0.5.jar:/Users/vvorontsov/.m2/repository/com/fasterxml/jackson/datatype/jackson-datatype-hibernate5/2.9.5/jackson-datatype-hibernate5-2.9.5.jar:/Users/vvorontsov/.m2/repository/org/jadira/usertype/usertype.core/7.0.0.CR1/usertype.core-7.0.0.CR1.jar:/Users/vvorontsov/.m2/repository/org/jadira/usertype/usertype.spi/7.0.0.CR1/usertype.spi-7.0.0.CR1.jar:/Users/vvorontsov/.m2/repository/org/hibernate/hibernate-core/5.2.15.Final/hibernate-core-5.2.15.Final.jar:/Users/vvorontsov/.m2/repository/org/hibernate/javax/persistence/hibernate-jpa-2.1-api/1.0.0.Final/hibernate-jpa-2.1-api-1.0.0.Final.jar:/Users/vvorontsov/.m2/repository/antlr/antlr/2.7.7/antlr-2.7.7.jar:/Users/vvorontsov/.m2/repository/org/jboss/spec/javax/transaction/jboss-transaction-api_1.2_spec/1.0.1.Final/jboss-transaction-api_1.2_spec-1.0.1.Final.jar:/Users/vvorontsov/.m2/repository/org/jboss/jandex/2.0.3.Final/jandex-2.0.3.Final.jar:/Users/vvorontsov/.m2/repository/com/fasterxml/classmate/1.3.4/classmate-1.3.4.jar:/Users/vvorontsov/.m2/repository/dom4j/dom4j/1.6.1/dom4j-1.6.1.jar:/Users/vvorontsov/.m2/repository/org/hibernate/common/hibernate-commons-annotations/5.0.1.Final/hibernate-commons-annotations-5.0.1.Final.jar:/Users/vvorontsov/.m2/repository/io/dropwizard/dropwizard-migrations/1.4.0-SNAPSHOT/dropwizard-migrations-1.4.0-SNAPSHOT.jar:/Users/vvorontsov/.m2/repository/org/liquibase/liquibase-core/3.6.0/liquibase-core-3.6.0.jar:/Users/vvorontsov/.m2/repository/com/mattbertolini/liquibase-slf4j/2.0.0/liquibase-slf4j-2.0.0.jar:/Users/vvorontsov/.m2/repository/io/dropwizard/dropwizard-views-freemarker/1.4.0-SNAPSHOT/dropwizard-views-freemarker-1.4.0-SNAPSHOT.jar:/Users/vvorontsov/.m2/repository/io/dropwizard/dropwizard-views/1.4.0-SNAPSHOT/dropwizard-views-1.4.0-SNAPSHOT.jar:/Users/vvorontsov/.m2/repository/org/freemarker/freemarker/2.3.27-incubating/freemarker-2.3.27-incubating.jar:/Users/vvorontsov/.m2/repository/io/dropwizard/dropwizard-views-mustache/1.4.0-SNAPSHOT/dropwizard-views-mustache-1.4.0-SNAPSHOT.jar:/Users/vvorontsov/.m2/repository/com/github/spullara/mustache/java/compiler/0.9.5/compiler-0.9.5.jar:/Users/vvorontsov/.m2/repository/io/dropwizard/dropwizard-metrics-graphite/1.4.0-SNAPSHOT/dropwizard-metrics-graphite-1.4.0-SNAPSHOT.jar:/Users/vvorontsov/.m2/repository/io/dropwizard/metrics/metrics-graphite/4.0.2/metrics-graphite-4.0.2.jar:/Users/vvorontsov/.m2/repository/com/rabbitmq/amqp-client/4.4.1/amqp-client-4.4.1.jar:/Users/vvorontsov/.m2/repository/com/h2database/h2/1.4.197/h2-1.4.197.jar:/Users/vvorontsov/.m2/repository/io/dropwizard/dropwizard-testing/1.4.0-SNAPSHOT/dropwizard-testing-1.4.0-SNAPSHOT.jar:/Users/vvorontsov/.m2/repository/junit/junit/4.12/junit-4.12.jar:/Users/vvorontsov/.m2/repository/org/hamcrest/hamcrest-core/1.3/hamcrest-core-1.3.jar:/Users/vvorontsov/.m2/repository/org/objenesis/objenesis/2.6/objenesis-2.6.jar:/Users/vvorontsov/.m2/repository/org/assertj/assertj-core/3.9.1/assertj-core-3.9.1.jar:/Users/vvorontsov/.m2/repository/org/mockito/mockito-core/2.15.0/mockito-core-2.15.0.jar:/Users/vvorontsov/.m2/repository/net/bytebuddy/byte-buddy/1.7.9/byte-buddy-1.7.9.jar:/Users/vvorontsov/.m2/repository/net/bytebuddy/byte-buddy-agent/1.7.9/byte-buddy-agent-1.7.9.jar:/Users/vvorontsov/.m2/repository/org/glassfish/jersey/test-framework/providers/jersey-test-framework-provider-inmemory/2.25.1/jersey-test-framework-provider-inmemory-2.25.1.jar:/Users/vvorontsov/.m2/repository/org/glassfish/jersey/test-framework/jersey-test-framework-core/2.25.1/jersey-test-framework-core-2.25.1.jar:/Users/vvorontsov/.m2/repository/org/glassfish/jersey/containers/jersey-container-servlet-core/2.25.1/jersey-container-servlet-core-2.25.1.jar:/Users/vvorontsov/.m2/repository/org/glassfish/jersey/core/jersey-server/2.25.1/jersey-server-2.25.1.jar:/Users/vvorontsov/.m2/repository/org/glassfish/jersey/core/jersey-common/2.25.1/jersey-common-2.25.1.jar:/Users/vvorontsov/.m2/repository/org/glassfish/jersey/bundles/repackaged/jersey-guava/2.25.1/jersey-guava-2.25.1.jar:/Users/vvorontsov/.m2/repository/org/glassfish/hk2/osgi-resource-locator/1.0.1/osgi-resource-locator-1.0.1.jar:/Users/vvorontsov/.m2/repository/javax/ws/rs/javax.ws.rs-api/2.0.1/javax.ws.rs-api-2.0.1.jar:/Users/vvorontsov/.m2/repository/org/glassfish/jersey/media/jersey-media-jaxb/2.25.1/jersey-media-jaxb-2.25.1.jar:/Users/vvorontsov/.m2/repository/javax/annotation/javax.annotation-api/1.2/javax.annotation-api-1.2.jar:/Users/vvorontsov/.m2/repository/org/glassfish/hk2/hk2-api/2.5.0-b32/hk2-api-2.5.0-b32.jar:/Users/vvorontsov/.m2/repository/org/glassfish/hk2/hk2-utils/2.5.0-b32/hk2-utils-2.5.0-b32.jar:/Users/vvorontsov/.m2/repository/org/glassfish/hk2/external/aopalliance-repackaged/2.5.0-b32/aopalliance-repackaged-2.5.0-b32.jar:/Users/vvorontsov/.m2/repository/org/glassfish/hk2/external/javax.inject/2.5.0-b32/javax.inject-2.5.0-b32.jar:/Users/vvorontsov/.m2/repository/org/glassfish/hk2/hk2-locator/2.5.0-b32/hk2-locator-2.5.0-b32.jar:/Users/vvorontsov/.m2/repository/javax/validation/validation-api/1.1.0.Final/validation-api-1.1.0.Final.jar:/Users/vvorontsov/.m2/repository/org/glassfish/jersey/core/jersey-client/2.25.1/jersey-client-2.25.1.jar:/Users/vvorontsov/.m2/repository/org/glassfish/jersey/test-framework/providers/jersey-test-framework-provider-grizzly2/2.25.1/jersey-test-framework-provider-grizzly2-2.25.1.jar:/Users/vvorontsov/.m2/repository/org/glassfish/jersey/containers/jersey-container-grizzly2-http/2.25.1/jersey-container-grizzly2-http-2.25.1.jar:/Users/vvorontsov/.m2/repository/org/glassfish/grizzly/grizzly-http-server/2.3.28/grizzly-http-server-2.3.28.jar:/Users/vvorontsov/.m2/repository/org/glassfish/grizzly/grizzly-http/2.3.28/grizzly-http-2.3.28.jar:/Users/vvorontsov/.m2/repository/org/glassfish/grizzly/grizzly-framework/2.3.28/grizzly-framework-2.3.28.jar:/Users/vvorontsov/.m2/repository/org/glassfish/jersey/containers/jersey-container-grizzly2-servlet/2.25.1/jersey-container-grizzly2-servlet-2.25.1.jar:/Users/vvorontsov/.m2/repository/org/glassfish/grizzly/grizzly-http-servlet/2.3.28/grizzly-http-servlet-2.3.28.jar:"/>
    <property name="sun.cpu.endian" value="little"/>
    <property name="user.home" value="/Users/vvorontsov"/>
    <property name="user.language" value="en"/>
    <property name="java.specification.vendor" value="Oracle Corporation"/>
    <property name="java.home" value="/Library/Java/JavaVirtualMachines/jdk1.8.0_131.jdk/Contents/Home/jre"/>
    <property name="basedir" value="/Users/vvorontsov/GH/dropwizard/dropwizard-example"/>
    <property name="file.separator" value="/"/>
    <property name="line.separator" value="&#10;"/>
    <property name="java.vm.specification.vendor" value="Oracle Corporation"/>
    <property name="java.specification.name" value="Java Platform API Specification"/>
    <property name="java.awt.graphicsenv" value="sun.awt.CGraphicsEnvironment"/>
    <property name="surefire.real.class.path" value="/Users/vvorontsov/GH/dropwizard/dropwizard-example/target/surefire/surefirebooter1266952368126231151.jar:/Users/vvorontsov/.m2/repository/org/jacoco/org.jacoco.agent/0.8.1/org.jacoco.agent-0.8.1-runtime.jar"/>
    <property name="sun.boot.class.path" value="/Library/Java/JavaVirtualMachines/jdk1.8.0_131.jdk/Contents/Home/jre/lib/resources.jar:/Library/Java/JavaVirtualMachines/jdk1.8.0_131.jdk/Contents/Home/jre/lib/rt.jar:/Library/Java/JavaVirtualMachines/jdk1.8.0_131.jdk/Contents/Home/jre/lib/sunrsasign.jar:/Library/Java/JavaVirtualMachines/jdk1.8.0_131.jdk/Contents/Home/jre/lib/jsse.jar:/Library/Java/JavaVirtualMachines/jdk1.8.0_131.jdk/Contents/Home/jre/lib/jce.jar:/Library/Java/JavaVirtualMachines/jdk1.8.0_131.jdk/Contents/Home/jre/lib/charsets.jar:/Library/Java/JavaVirtualMachines/jdk1.8.0_131.jdk/Contents/Home/jre/lib/jfr.jar:/Library/Java/JavaVirtualMachines/jdk1.8.0_131.jdk/Contents/Home/jre/classes"/>
    <property name="sun.management.compiler" value="HotSpot 64-Bit Tiered Compilers"/>
    <property name="ftp.nonProxyHosts" value="local|*.local|169.254/16|*.169.254/16"/>
    <property name="java.runtime.version" value="1.8.0_131-b11"/>
    <property name="user.name" value="vvorontsov"/>
    <property name="path.separator" value=":"/>
    <property name="os.version" value="10.12.6"/>
    <property name="java.endorsed.dirs" value="/Library/Java/JavaVirtualMachines/jdk1.8.0_131.jdk/Contents/Home/jre/lib/endorsed"/>
    <property name="java.runtime.name" value="Java(TM) SE Runtime Environment"/>
    <property name="file.encoding" value="UTF-8"/>
    <property name="java.vm.name" value="Java HotSpot(TM) 64-Bit Server VM"/>
    <property name="localRepository" value="/Users/vvorontsov/.m2/repository"/>
    <property name="java.vendor.url.bug" value="http://bugreport.sun.com/bugreport/"/>
    <property name="java.io.tmpdir" value="/var/folders/rt/3g_2kmg91dxd70s_8sjx_wz800b71p/T/"/>
    <property name="java.version" value="1.8.0_131"/>
    <property name="user.dir" value="/Users/vvorontsov/GH/dropwizard/dropwizard-example"/>
    <property name="os.arch" value="x86_64"/>
    <property name="java.vm.specification.name" value="Java Virtual Machine Specification"/>
    <property name="java.awt.printerjob" value="sun.lwawt.macosx.CPrinterJob"/>
    <property name="sun.os.patch.level" value="unknown"/>
    <property name="java.library.path" value="/Users/vvorontsov/Library/Java/Extensions:/Library/Java/Extensions:/Network/Library/Java/Extensions:/System/Library/Java/Extensions:/usr/lib/java:."/>
    <property name="java.vm.info" value="mixed mode"/>
    <property name="java.vendor" value="Oracle Corporation"/>
    <property name="java.vm.version" value="25.131-b11"/>
    <property name="java.ext.dirs" value="/Users/vvorontsov/Library/Java/Extensions:/Library/Java/JavaVirtualMachines/jdk1.8.0_131.jdk/Contents/Home/jre/lib/ext:/Library/Java/Extensions:/Network/Library/Java/Extensions:/System/Library/Java/Extensions:/usr/lib/java"/>
    <property name="sun.io.unicode.encoding" value="UnicodeBig"/>
    <property name="java.class.version" value="52.0"/>
    <property name="socksNonProxyHosts" value="local|*.local|169.254/16|*.169.254/16"/>
  </properties>
  <testcase name="findAll" classname="com.example.helloworld.db.PersonDAOTest" time="0.309"/>
  <testcase name="handlesNullFullName" classname="com.example.helloworld.db.PersonDAOTest" time="0.021"/>
  <testcase name="createPerson" classname="com.example.helloworld.db.PersonDAOTest" time="0.017"/>
</testsuite>